114.02.24 16:26 B D:\My_Documents\SpRF\Docs\MMSIM13_1_Plus\Frame_Docs_RF_Library\imgsrc\1083_mixer_ip3Schematic.gif <-- lnx-rdavis3 /home/kamal/for_Rich/rflibrary/imgsrc 1083_mixer_ip3Schematic.gif
114.02.24 16:26 B D:\My_Documents\SpRF\Docs\MMSIM13_1_Plus\Frame_Docs_RF_Library\imgsrc\1084_PACsetup.gif <-- lnx-rdavis3 /home/kamal/for_Rich/rflibrary/imgsrc 1084_PACsetup.gif
114.02.24 16:26 B D:\My_Documents\SpRF\Docs\MMSIM13_1_Plus\Frame_Docs_RF_Library\imgsrc\1085_DirPlotForm.gif <-- lnx-rdavis3 /home/kamal/for_Rich/rflibrary/imgsrc 1085_DirPlotForm.gif
114.02.24 16:26 B D:\My_Documents\SpRF\Docs\MMSIM13_1_Plus\Frame_Docs_RF_Library\imgsrc\1086_IP3Results.gif <-- lnx-rdavis3 /home/kamal/for_Rich/rflibrary/imgsrc 1086_IP3Results.gif
114.02.24 16:26 B D:\My_Documents\SpRF\Docs\MMSIM13_1_Plus\Frame_Docs_RF_Library\imgsrc\18_BB_driverSymbol.gif <-- lnx-rdavis3 /home/kamal/for_Rich/rflibrary/imgsrc 18_BB_driverSymbol.gif
114.02.24 16:26 B D:\My_Documents\SpRF\Docs\MMSIM13_1_Plus\Frame_Docs_RF_Library\imgsrc\18_BB_lossSymbol.gif <-- lnx-rdavis3 /home/kamal/for_Rich/rflibrary/imgsrc 18_BB_lossSymbol.gif
114.02.24 16:26 B D:\My_Documents\SpRF\Docs\MMSIM13_1_Plus\Frame_Docs_RF_Library\imgsrc\18_BB_shifter_combinerSymbol.gif <-- lnx-rdavis3 /home/kamal/for_Rich/rflibrary/imgsrc 18_BB_shifter_combinerSymbol.gif
114.02.24 16:26 B D:\My_Documents\SpRF\Docs\MMSIM13_1_Plus\Frame_Docs_RF_Library\imgsrc\19_BB_shifter_splitterSymbol.gif <-- lnx-rdavis3 /home/kamal/for_Rich/rflibrary/imgsrc 19_BB_shifter_splitterSymbol.gif
114.02.24 16:26 B D:\My_Documents\SpRF\Docs\MMSIM13_1_Plus\Frame_Docs_RF_Library\imgsrc\201.png <-- lnx-rdavis3 /home/kamal/for_Rich/rflibrary/imgsrc 201.png
114.02.24 16:26 B D:\My_Documents\SpRF\Docs\MMSIM13_1_Plus\Frame_Docs_RF_Library\imgsrc\202.png <-- lnx-rdavis3 /home/kamal/for_Rich/rflibrary/imgsrc 202.png
114.02.24 16:26 B D:\My_Documents\SpRF\Docs\MMSIM13_1_Plus\Frame_Docs_RF_Library\imgsrc\203.png <-- lnx-rdavis3 /home/kamal/for_Rich/rflibrary/imgsrc 203.png
114.02.24 16:26 B D:\My_Documents\SpRF\Docs\MMSIM13_1_Plus\Frame_Docs_RF_Library\imgsrc\204.png <-- lnx-rdavis3 /home/kamal/for_Rich/rflibrary/imgsrc 204.png
114.02.24 16:26 B D:\My_Documents\SpRF\Docs\MMSIM13_1_Plus\Frame_Docs_RF_Library\imgsrc\205.png <-- lnx-rdavis3 /home/kamal/for_Rich/rflibrary/imgsrc 205.png
114.02.24 16:26 B D:\My_Documents\SpRF\Docs\MMSIM13_1_Plus\Frame_Docs_RF_Library\imgsrc\206.png <-- lnx-rdavis3 /home/kamal/for_Rich/rflibrary/imgsrc 206.png
114.02.24 16:26 B D:\My_Documents\SpRF\Docs\MMSIM13_1_Plus\Frame_Docs_RF_Library\imgsrc\21_cap_BBSymbol.gif <-- lnx-rdavis3 /home/kamal/for_Rich/rflibrary/imgsrc 21_cap_BBSymbol.gif
114.02.24 16:26 B D:\My_Documents\SpRF\Docs\MMSIM13_1_Plus\Frame_Docs_RF_Library\imgsrc\25_HilbertTr_BBSymbol.gif <-- lnx-rdavis3 /home/kamal/for_Rich/rflibrary/imgsrc 25_HilbertTr_BBSymbol.gif
114.02.24 16:26 B D:\My_Documents\SpRF\Docs\MMSIM13_1_Plus\Frame_Docs_RF_Library\imgsrc\750_balun_with_com.gif <-- lnx-rdavis3 /home/kamal/for_Rich/rflibrary/imgsrc 750_balun_with_com.gif
114.02.24 16:26 B D:\My_Documents\SpRF\Docs\MMSIM13_1_Plus\Frame_Docs_RF_Library\imgsrc\D10EyeDiagCDMAtrajectory.gif <-- lnx-rdavis3 /home/kamal/for_Rich/rflibrary/imgsrc D10EyeDiagCDMAtrajectory.gif
114.02.24 16:26 B D:\My_Documents\SpRF\Docs\MMSIM13_1_Plus\Frame_Docs_RF_Library\imgsrc\D11GSM.gif <-- lnx-rdavis3 /home/kamal/for_Rich/rflibrary/imgsrc D11GSM.gif
114.02.24 16:26 B D:\My_Documents\SpRF\Docs\MMSIM13_1_Plus\Frame_Docs_RF_Library\imgsrc\D12GSMbinary.gif <-- lnx-rdavis3 /home/kamal/for_Rich/rflibrary/imgsrc D12GSMbinary.gif
114.02.24 16:26 B D:\My_Documents\SpRF\Docs\MMSIM13_1_Plus\Frame_Docs_RF_Library\imgsrc\D13PiOver4DQPSK.gif <-- lnx-rdavis3 /home/kamal/for_Rich/rflibrary/imgsrc D13PiOver4DQPSK.gif
114.02.24 16:26 B D:\My_Documents\SpRF\Docs\MMSIM13_1_Plus\Frame_Docs_RF_Library\imgsrc\D14PiOver4DQPSKeyeTraj.gif <-- lnx-rdavis3 /home/kamal/for_Rich/rflibrary/imgsrc D14PiOver4DQPSKeyeTraj.gif
114.02.24 16:26 B D:\My_Documents\SpRF\Docs\MMSIM13_1_Plus\Frame_Docs_RF_Library\imgsrc\D1InterModProduct.gif <-- lnx-rdavis3 /home/kamal/for_Rich/rflibrary/imgsrc D1InterModProduct.gif
114.02.24 16:26 B D:\My_Documents\SpRF\Docs\MMSIM13_1_Plus\Frame_Docs_RF_Library\imgsrc\D2IP3plot.gif <-- lnx-rdavis3 /home/kamal/for_Rich/rflibrary/imgsrc D2IP3plot.gif
114.02.24 16:26 B D:\My_Documents\SpRF\Docs\MMSIM13_1_Plus\Frame_Docs_RF_Library\imgsrc\D3MixerTest.gif <-- lnx-rdavis3 /home/kamal/for_Rich/rflibrary/imgsrc D3MixerTest.gif
114.02.24 16:26 B D:\My_Documents\SpRF\Docs\MMSIM13_1_Plus\Frame_Docs_RF_Library\imgsrc\D4IP2plot.gif <-- lnx-rdavis3 /home/kamal/for_Rich/rflibrary/imgsrc D4IP2plot.gif
114.02.24 16:26 B D:\My_Documents\SpRF\Docs\MMSIM13_1_Plus\Frame_Docs_RF_Library\imgsrc\D5PowerAmp.gif <-- lnx-rdavis3 /home/kamal/for_Rich/rflibrary/imgsrc D5PowerAmp.gif
114.02.24 16:26 B D:\My_Documents\SpRF\Docs\MMSIM13_1_Plus\Frame_Docs_RF_Library\imgsrc\D61dbCompPoint.gif <-- lnx-rdavis3 /home/kamal/for_Rich/rflibrary/imgsrc D61dbCompPoint.gif
114.02.24 16:26 B D:\My_Documents\SpRF\Docs\MMSIM13_1_Plus\Frame_Docs_RF_Library\imgsrc\D7OscPhaseNoise.gif <-- lnx-rdavis3 /home/kamal/for_Rich/rflibrary/imgsrc D7OscPhaseNoise.gif
114.02.24 16:26 B D:\My_Documents\SpRF\Docs\MMSIM13_1_Plus\Frame_Docs_RF_Library\imgsrc\D8PhaseShifter.gif <-- lnx-rdavis3 /home/kamal/for_Rich/rflibrary/imgsrc D8PhaseShifter.gif
114.02.24 16:26 B D:\My_Documents\SpRF\Docs\MMSIM13_1_Plus\Frame_Docs_RF_Library\imgsrc\D9CDMA.gif <-- lnx-rdavis3 /home/kamal/for_Rich/rflibrary/imgsrc D9CDMA.gif
114.02.24 16:26 B D:\My_Documents\SpRF\Docs\MMSIM13_1_Plus\Frame_Docs_RF_Library\imgsrc\Dfig2.gif <-- lnx-rdavis3 /home/kamal/for_Rich/rflibrary/imgsrc Dfig2.gif
114.02.24 16:26 B D:\My_Documents\SpRF\Docs\MMSIM13_1_Plus\Frame_Docs_RF_Library\imgsrc\Dfig3.gif <-- lnx-rdavis3 /home/kamal/for_Rich/rflibrary/imgsrc Dfig3.gif
114.02.24 16:26 B D:\My_Documents\SpRF\Docs\MMSIM13_1_Plus\Frame_Docs_RF_Library\imgsrc\divider_jitter.gif <-- lnx-rdavis3 /home/kamal/for_Rich/rflibrary/imgsrc divider_jitter.gif
114.02.24 16:26 B D:\My_Documents\SpRF\Docs\MMSIM13_1_Plus\Frame_Docs_RF_Library\imgsrc\divider_ratio.gif <-- lnx-rdavis3 /home/kamal/for_Rich/rflibrary/imgsrc divider_ratio.gif
114.02.24 16:26 B D:\My_Documents\SpRF\Docs\MMSIM13_1_Plus\Frame_Docs_RF_Library\imgsrc\DMw1.gif <-- lnx-rdavis3 /home/kamal/for_Rich/rflibrary/imgsrc DMw1.gif
114.02.24 16:26 B D:\My_Documents\SpRF\Docs\MMSIM13_1_Plus\Frame_Docs_RF_Library\imgsrc\DMw2.gif <-- lnx-rdavis3 /home/kamal/for_Rich/rflibrary/imgsrc DMw2.gif
114.02.24 16:26 B D:\My_Documents\SpRF\Docs\MMSIM13_1_Plus\Frame_Docs_RF_Library\imgsrc\DMw4.gif <-- lnx-rdavis3 /home/kamal/for_Rich/rflibrary/imgsrc DMw4.gif
114.02.24 16:26 B D:\My_Documents\SpRF\Docs\MMSIM13_1_Plus\Frame_Docs_RF_Library\imgsrc\DTD10NF.gif <-- lnx-rdavis3 /home/kamal/for_Rich/rflibrary/imgsrc DTD10NF.gif
114.02.24 16:26 B D:\My_Documents\SpRF\Docs\MMSIM13_1_Plus\Frame_Docs_RF_Library\imgsrc\DTD15PSSDP.gif <-- lnx-rdavis3 /home/kamal/for_Rich/rflibrary/imgsrc DTD15PSSDP.gif
114.02.24 16:26 B D:\My_Documents\SpRF\Docs\MMSIM13_1_Plus\Frame_Docs_RF_Library\imgsrc\DTD16IP3.gif <-- lnx-rdavis3 /home/kamal/for_Rich/rflibrary/imgsrc DTD16IP3.gif
114.02.24 16:26 B D:\My_Documents\SpRF\Docs\MMSIM13_1_Plus\Frame_Docs_RF_Library\imgsrc\DTD17ampm.gif <-- lnx-rdavis3 /home/kamal/for_Rich/rflibrary/imgsrc DTD17ampm.gif
114.02.24 16:26 B D:\My_Documents\SpRF\Docs\MMSIM13_1_Plus\Frame_Docs_RF_Library\imgsrc\DTD18AandP.gif <-- lnx-rdavis3 /home/kamal/for_Rich/rflibrary/imgsrc DTD18AandP.gif
114.02.24 16:26 B D:\My_Documents\SpRF\Docs\MMSIM13_1_Plus\Frame_Docs_RF_Library\imgsrc\DTD19DC.gif <-- lnx-rdavis3 /home/kamal/for_Rich/rflibrary/imgsrc DTD19DC.gif
114.02.24 16:26 B D:\My_Documents\SpRF\Docs\MMSIM13_1_Plus\Frame_Docs_RF_Library\imgsrc\DTD19DC2.gif <-- lnx-rdavis3 /home/kamal/for_Rich/rflibrary/imgsrc DTD19DC2.gif
114.02.24 16:26 B D:\My_Documents\SpRF\Docs\MMSIM13_1_Plus\Frame_Docs_RF_Library\imgsrc\DTD19DC3.gif <-- lnx-rdavis3 /home/kamal/for_Rich/rflibrary/imgsrc DTD19DC3.gif
114.02.24 16:26 B D:\My_Documents\SpRF\Docs\MMSIM13_1_Plus\Frame_Docs_RF_Library\imgsrc\DTD19DC4.gif <-- lnx-rdavis3 /home/kamal/for_Rich/rflibrary/imgsrc DTD19DC4.gif
114.02.24 16:26 B D:\My_Documents\SpRF\Docs\MMSIM13_1_Plus\Frame_Docs_RF_Library\imgsrc\DTD20amps.gif <-- lnx-rdavis3 /home/kamal/for_Rich/rflibrary/imgsrc DTD20amps.gif
114.02.24 16:26 B D:\My_Documents\SpRF\Docs\MMSIM13_1_Plus\Frame_Docs_RF_Library\imgsrc\DTD21lnas.gif <-- lnx-rdavis3 /home/kamal/for_Rich/rflibrary/imgsrc DTD21lnas.gif
114.02.24 16:26 B D:\My_Documents\SpRF\Docs\MMSIM13_1_Plus\Frame_Docs_RF_Library\imgsrc\DTD22IQmods.gif <-- lnx-rdavis3 /home/kamal/for_Rich/rflibrary/imgsrc DTD22IQmods.gif
114.02.24 16:26 B D:\My_Documents\SpRF\Docs\MMSIM13_1_Plus\Frame_Docs_RF_Library\imgsrc\DTD23IQmodCalcs.gif <-- lnx-rdavis3 /home/kamal/for_Rich/rflibrary/imgsrc DTD23IQmodCalcs.gif
114.02.24 16:26 B D:\My_Documents\SpRF\Docs\MMSIM13_1_Plus\Frame_Docs_RF_Library\imgsrc\DTD241dbCPtest.gif <-- lnx-rdavis3 /home/kamal/for_Rich/rflibrary/imgsrc DTD241dbCPtest.gif
114.02.24 16:26 B D:\My_Documents\SpRF\Docs\MMSIM13_1_Plus\Frame_Docs_RF_Library\imgsrc\DTD251dbCPplot.gif <-- lnx-rdavis3 /home/kamal/for_Rich/rflibrary/imgsrc DTD251dbCPplot.gif
114.02.24 16:26 B D:\My_Documents\SpRF\Docs\MMSIM13_1_Plus\Frame_Docs_RF_Library\imgsrc\DTD26QPerrordemo.gif <-- lnx-rdavis3 /home/kamal/for_Rich/rflibrary/imgsrc DTD26QPerrordemo.gif
114.02.24 16:26 B D:\My_Documents\SpRF\Docs\MMSIM13_1_Plus\Frame_Docs_RF_Library\imgsrc\DTD27outputTrajs.gif <-- lnx-rdavis3 /home/kamal/for_Rich/rflibrary/imgsrc DTD27outputTrajs.gif
114.02.24 16:26 B D:\My_Documents\SpRF\Docs\MMSIM13_1_Plus\Frame_Docs_RF_Library\imgsrc\DTD28IQdemods.gif <-- lnx-rdavis3 /home/kamal/for_Rich/rflibrary/imgsrc DTD28IQdemods.gif
114.02.24 16:26 B D:\My_Documents\SpRF\Docs\MMSIM13_1_Plus\Frame_Docs_RF_Library\imgsrc\DTD29IQdemodCalcs.gif <-- lnx-rdavis3 /home/kamal/for_Rich/rflibrary/imgsrc DTD29IQdemodCalcs.gif
114.02.24 16:26 B D:\My_Documents\SpRF\Docs\MMSIM13_1_Plus\Frame_Docs_RF_Library\imgsrc\DTD30demodTest.gif <-- lnx-rdavis3 /home/kamal/for_Rich/rflibrary/imgsrc DTD30demodTest.gif
114.02.24 16:26 B D:\My_Documents\SpRF\Docs\MMSIM13_1_Plus\Frame_Docs_RF_Library\imgsrc\DTD31IP3.gif <-- lnx-rdavis3 /home/kamal/for_Rich/rflibrary/imgsrc DTD31IP3.gif
114.02.24 16:26 B D:\My_Documents\SpRF\Docs\MMSIM13_1_Plus\Frame_Docs_RF_Library\imgsrc\DTD32IP3Compress.gif <-- lnx-rdavis3 /home/kamal/for_Rich/rflibrary/imgsrc DTD32IP3Compress.gif
114.02.24 16:26 B D:\My_Documents\SpRF\Docs\MMSIM13_1_Plus\Frame_Docs_RF_Library\imgsrc\DTD34modDemodTest.gif <-- lnx-rdavis3 /home/kamal/for_Rich/rflibrary/imgsrc DTD34modDemodTest.gif
114.02.24 16:26 B D:\My_Documents\SpRF\Docs\MMSIM13_1_Plus\Frame_Docs_RF_Library\imgsrc\DTD35modDemodResults.gif <-- lnx-rdavis3 /home/kamal/for_Rich/rflibrary/imgsrc DTD35modDemodResults.gif
114.02.24 16:26 B D:\My_Documents\SpRF\Docs\MMSIM13_1_Plus\Frame_Docs_RF_Library\imgsrc\DTD36mixers.gif <-- lnx-rdavis3 /home/kamal/for_Rich/rflibrary/imgsrc DTD36mixers.gif
114.02.24 16:26 B D:\My_Documents\SpRF\Docs\MMSIM13_1_Plus\Frame_Docs_RF_Library\imgsrc\DTD37UpMixerCalcs.gif <-- lnx-rdavis3 /home/kamal/for_Rich/rflibrary/imgsrc DTD37UpMixerCalcs.gif
114.02.24 16:26 B D:\My_Documents\SpRF\Docs\MMSIM13_1_Plus\Frame_Docs_RF_Library\imgsrc\DTD38DownMixerCalcs.gif <-- lnx-rdavis3 /home/kamal/for_Rich/rflibrary/imgsrc DTD38DownMixerCalcs.gif
114.02.24 16:26 B D:\My_Documents\SpRF\Docs\MMSIM13_1_Plus\Frame_Docs_RF_Library\imgsrc\DTD39DownMixerTest.gif <-- lnx-rdavis3 /home/kamal/for_Rich/rflibrary/imgsrc DTD39DownMixerTest.gif
114.02.24 16:26 B D:\My_Documents\SpRF\Docs\MMSIM13_1_Plus\Frame_Docs_RF_Library\imgsrc\DTD4.gif <-- lnx-rdavis3 /home/kamal/for_Rich/rflibrary/imgsrc DTD4.gif
114.02.24 16:26 B D:\My_Documents\SpRF\Docs\MMSIM13_1_Plus\Frame_Docs_RF_Library\imgsrc\DTD40EnvlpOutput.gif <-- lnx-rdavis3 /home/kamal/for_Rich/rflibrary/imgsrc DTD40EnvlpOutput.gif
114.02.24 16:26 B D:\My_Documents\SpRF\Docs\MMSIM13_1_Plus\Frame_Docs_RF_Library\imgsrc\DTD41UpMixerTest.gif <-- lnx-rdavis3 /home/kamal/for_Rich/rflibrary/imgsrc DTD41UpMixerTest.gif
114.02.24 16:26 B D:\My_Documents\SpRF\Docs\MMSIM13_1_Plus\Frame_Docs_RF_Library\imgsrc\DTD42TransOutput.gif <-- lnx-rdavis3 /home/kamal/for_Rich/rflibrary/imgsrc DTD42TransOutput.gif
114.02.24 16:26 B D:\My_Documents\SpRF\Docs\MMSIM13_1_Plus\Frame_Docs_RF_Library\imgsrc\DTD43_cap_BB.gif <-- lnx-rdavis3 /home/kamal/for_Rich/rflibrary/imgsrc DTD43_cap_BB.gif
114.02.24 16:26 B D:\My_Documents\SpRF\Docs\MMSIM13_1_Plus\Frame_Docs_RF_Library\imgsrc\DTD43_ind_BB.gif <-- lnx-rdavis3 /home/kamal/for_Rich/rflibrary/imgsrc DTD43_ind_BB.gif
114.02.24 16:26 B D:\My_Documents\SpRF\Docs\MMSIM13_1_Plus\Frame_Docs_RF_Library\imgsrc\DTD43_res_BB.gif <-- lnx-rdavis3 /home/kamal/for_Rich/rflibrary/imgsrc DTD43_res_BB.gif
114.02.24 16:26 B D:\My_Documents\SpRF\Docs\MMSIM13_1_Plus\Frame_Docs_RF_Library\imgsrc\DTD44ResistorModel.gif <-- lnx-rdavis3 /home/kamal/for_Rich/rflibrary/imgsrc DTD44ResistorModel.gif
114.02.24 16:26 B D:\My_Documents\SpRF\Docs\MMSIM13_1_Plus\Frame_Docs_RF_Library\imgsrc\DTD45InductorModel.gif <-- lnx-rdavis3 /home/kamal/for_Rich/rflibrary/imgsrc DTD45InductorModel.gif
114.02.24 16:26 B D:\My_Documents\SpRF\Docs\MMSIM13_1_Plus\Frame_Docs_RF_Library\imgsrc\DTD46CapacitorModel.gif <-- lnx-rdavis3 /home/kamal/for_Rich/rflibrary/imgsrc DTD46CapacitorModel.gif
114.02.24 16:26 B D:\My_Documents\SpRF\Docs\MMSIM13_1_Plus\Frame_Docs_RF_Library\imgsrc\DTD47RLCModel.gif <-- lnx-rdavis3 /home/kamal/for_Rich/rflibrary/imgsrc DTD47RLCModel.gif
114.02.24 16:26 B D:\My_Documents\SpRF\Docs\MMSIM13_1_Plus\Frame_Docs_RF_Library\imgsrc\DTD48BBequivRLCModel.gif <-- lnx-rdavis3 /home/kamal/for_Rich/rflibrary/imgsrc DTD48BBequivRLCModel.gif
114.02.24 16:26 B D:\My_Documents\SpRF\Docs\MMSIM13_1_Plus\Frame_Docs_RF_Library\imgsrc\DTD49waveforms.gif <-- lnx-rdavis3 /home/kamal/for_Rich/rflibrary/imgsrc DTD49waveforms.gif
114.02.24 16:26 B D:\My_Documents\SpRF\Docs\MMSIM13_1_Plus\Frame_Docs_RF_Library\imgsrc\DTD50Lissajous.gif <-- lnx-rdavis3 /home/kamal/for_Rich/rflibrary/imgsrc DTD50Lissajous.gif
114.02.24 16:26 B D:\My_Documents\SpRF\Docs\MMSIM13_1_Plus\Frame_Docs_RF_Library\imgsrc\DTD51_BB_butterworth_bp.gif <-- lnx-rdavis3 /home/kamal/for_Rich/rflibrary/imgsrc DTD51_BB_butterworth_bp.gif
114.02.24 16:26 B D:\My_Documents\SpRF\Docs\MMSIM13_1_Plus\Frame_Docs_RF_Library\imgsrc\DTD51_BB_butterworth_bs.gif <-- lnx-rdavis3 /home/kamal/for_Rich/rflibrary/imgsrc DTD51_BB_butterworth_bs.gif
114.02.24 16:26 B D:\My_Documents\SpRF\Docs\MMSIM13_1_Plus\Frame_Docs_RF_Library\imgsrc\DTD51_BB_butterworth_hp.gif <-- lnx-rdavis3 /home/kamal/for_Rich/rflibrary/imgsrc DTD51_BB_butterworth_hp.gif
114.02.24 16:26 B D:\My_Documents\SpRF\Docs\MMSIM13_1_Plus\Frame_Docs_RF_Library\imgsrc\DTD51_BB_butterworth_lp.gif <-- lnx-rdavis3 /home/kamal/for_Rich/rflibrary/imgsrc DTD51_BB_butterworth_lp.gif
114.02.24 16:26 B D:\My_Documents\SpRF\Docs\MMSIM13_1_Plus\Frame_Docs_RF_Library\imgsrc\DTD52_BB_chebyshev_bp.gif <-- lnx-rdavis3 /home/kamal/for_Rich/rflibrary/imgsrc DTD52_BB_chebyshev_bp.gif
114.02.24 16:26 B D:\My_Documents\SpRF\Docs\MMSIM13_1_Plus\Frame_Docs_RF_Library\imgsrc\DTD52_BB_chebyshev_bs.gif <-- lnx-rdavis3 /home/kamal/for_Rich/rflibrary/imgsrc DTD52_BB_chebyshev_bs.gif
114.02.24 16:26 B D:\My_Documents\SpRF\Docs\MMSIM13_1_Plus\Frame_Docs_RF_Library\imgsrc\DTD52_BB_chebyshev_hp.gif <-- lnx-rdavis3 /home/kamal/for_Rich/rflibrary/imgsrc DTD52_BB_chebyshev_hp.gif
114.02.24 16:26 B D:\My_Documents\SpRF\Docs\MMSIM13_1_Plus\Frame_Docs_RF_Library\imgsrc\DTD52_BB_chebyshev_lp.gif <-- lnx-rdavis3 /home/kamal/for_Rich/rflibrary/imgsrc DTD52_BB_chebyshev_lp.gif
114.02.24 16:26 B D:\My_Documents\SpRF\Docs\MMSIM13_1_Plus\Frame_Docs_RF_Library\imgsrc\DTD58PhaseShift.gif <-- lnx-rdavis3 /home/kamal/for_Rich/rflibrary/imgsrc DTD58PhaseShift.gif
114.02.24 16:26 B D:\My_Documents\SpRF\Docs\MMSIM13_1_Plus\Frame_Docs_RF_Library\imgsrc\DTD59ShifterSplitterTest.gif <-- lnx-rdavis3 /home/kamal/for_Rich/rflibrary/imgsrc DTD59ShifterSplitterTest.gif
114.02.24 16:26 B D:\My_Documents\SpRF\Docs\MMSIM13_1_Plus\Frame_Docs_RF_Library\imgsrc\DTD5smith.gif <-- lnx-rdavis3 /home/kamal/for_Rich/rflibrary/imgsrc DTD5smith.gif
114.02.24 16:26 B D:\My_Documents\SpRF\Docs\MMSIM13_1_Plus\Frame_Docs_RF_Library\imgsrc\DTD60EnvlpResponse.gif <-- lnx-rdavis3 /home/kamal/for_Rich/rflibrary/imgsrc DTD60EnvlpResponse.gif
114.02.24 16:26 B D:\My_Documents\SpRF\Docs\MMSIM13_1_Plus\Frame_Docs_RF_Library\imgsrc\DTD61LagAndLead.gif <-- lnx-rdavis3 /home/kamal/for_Rich/rflibrary/imgsrc DTD61LagAndLead.gif
114.02.24 16:26 B D:\My_Documents\SpRF\Docs\MMSIM13_1_Plus\Frame_Docs_RF_Library\imgsrc\DTD62PhaseShift.gif <-- lnx-rdavis3 /home/kamal/for_Rich/rflibrary/imgsrc DTD62PhaseShift.gif
114.02.24 16:26 B D:\My_Documents\SpRF\Docs\MMSIM13_1_Plus\Frame_Docs_RF_Library\imgsrc\DTD63ShifterCombinerTest.gif <-- lnx-rdavis3 /home/kamal/for_Rich/rflibrary/imgsrc DTD63ShifterCombinerTest.gif
114.02.24 16:26 B D:\My_Documents\SpRF\Docs\MMSIM13_1_Plus\Frame_Docs_RF_Library\imgsrc\DTD64EnvlpResponse.gif <-- lnx-rdavis3 /home/kamal/for_Rich/rflibrary/imgsrc DTD64EnvlpResponse.gif
114.02.24 16:26 B D:\My_Documents\SpRF\Docs\MMSIM13_1_Plus\Frame_Docs_RF_Library\imgsrc\DTD65PBIIRR.gif <-- lnx-rdavis3 /home/kamal/for_Rich/rflibrary/imgsrc DTD65PBIIRR.gif
114.02.24 16:26 B D:\My_Documents\SpRF\Docs\MMSIM13_1_Plus\Frame_Docs_RF_Library\imgsrc\DTD66BBIIRR.gif <-- lnx-rdavis3 /home/kamal/for_Rich/rflibrary/imgsrc DTD66BBIIRR.gif
114.02.24 16:26 B D:\My_Documents\SpRF\Docs\MMSIM13_1_Plus\Frame_Docs_RF_Library\imgsrc\DTD67LissajousPlots.gif <-- lnx-rdavis3 /home/kamal/for_Rich/rflibrary/imgsrc DTD67LissajousPlots.gif
114.02.24 16:26 B D:\My_Documents\SpRF\Docs\MMSIM13_1_Plus\Frame_Docs_RF_Library\imgsrc\DTD68PBBBFilterComp.gif <-- lnx-rdavis3 /home/kamal/for_Rich/rflibrary/imgsrc DTD68PBBBFilterComp.gif
114.02.24 16:26 B D:\My_Documents\SpRF\Docs\MMSIM13_1_Plus\Frame_Docs_RF_Library\imgsrc\DTD69EnvlpResponse.gif <-- lnx-rdavis3 /home/kamal/for_Rich/rflibrary/imgsrc DTD69EnvlpResponse.gif
114.02.24 16:26 B D:\My_Documents\SpRF\Docs\MMSIM13_1_Plus\Frame_Docs_RF_Library\imgsrc\DTD6IP.gif <-- lnx-rdavis3 /home/kamal/for_Rich/rflibrary/imgsrc DTD6IP.gif
114.02.24 16:26 B D:\My_Documents\SpRF\Docs\MMSIM13_1_Plus\Frame_Docs_RF_Library\imgsrc\DTD7.gif <-- lnx-rdavis3 /home/kamal/for_Rich/rflibrary/imgsrc DTD7.gif
114.02.24 16:26 B D:\My_Documents\SpRF\Docs\MMSIM13_1_Plus\Frame_Docs_RF_Library\imgsrc\DTD73EVMsetup.gif <-- lnx-rdavis3 /home/kamal/for_Rich/rflibrary/imgsrc DTD73EVMsetup.gif
114.02.24 16:26 B D:\My_Documents\SpRF\Docs\MMSIM13_1_Plus\Frame_Docs_RF_Library\imgsrc\DTD81dbcp.gif <-- lnx-rdavis3 /home/kamal/for_Rich/rflibrary/imgsrc DTD81dbcp.gif
114.02.24 16:26 B D:\My_Documents\SpRF\Docs\MMSIM13_1_Plus\Frame_Docs_RF_Library\imgsrc\DTD9NF.gif <-- lnx-rdavis3 /home/kamal/for_Rich/rflibrary/imgsrc DTD9NF.gif
114.02.24 16:26 B D:\My_Documents\SpRF\Docs\MMSIM13_1_Plus\Frame_Docs_RF_Library\imgsrc\example_ne600Outputs.gif <-- lnx-rdavis3 /home/kamal/for_Rich/rflibrary/imgsrc example_ne600Outputs.gif
114.02.24 16:26 B D:\My_Documents\SpRF\Docs\MMSIM13_1_Plus\Frame_Docs_RF_Library\imgsrc\example_ne600Schematic.gif <-- lnx-rdavis3 /home/kamal/for_Rich/rflibrary/imgsrc example_ne600Schematic.gif
114.02.24 16:26 B D:\My_Documents\SpRF\Docs\MMSIM13_1_Plus\Frame_Docs_RF_Library\imgsrc\example_oscHartleyOutputs.gif <-- lnx-rdavis3 /home/kamal/for_Rich/rflibrary/imgsrc example_oscHartleyOutputs.gif
114.02.24 16:26 B D:\My_Documents\SpRF\Docs\MMSIM13_1_Plus\Frame_Docs_RF_Library\imgsrc\example_oscHartleySchematic.gif <-- lnx-rdavis3 /home/kamal/for_Rich/rflibrary/imgsrc example_oscHartleySchematic.gif
114.02.24 16:26 B D:\My_Documents\SpRF\Docs\MMSIM13_1_Plus\Frame_Docs_RF_Library\imgsrc\fdc.TIF <-- lnx-rdavis3 /home/kamal/for_Rich/rflibrary/imgsrc fdc.TIF
114.02.24 16:26 B D:\My_Documents\SpRF\Docs\MMSIM13_1_Plus\Frame_Docs_RF_Library\imgsrc\fdc1.TIF <-- lnx-rdavis3 /home/kamal/for_Rich/rflibrary/imgsrc fdc1.TIF
114.02.24 16:26 B D:\My_Documents\SpRF\Docs\MMSIM13_1_Plus\Frame_Docs_RF_Library\imgsrc\GAnalysesSimWin1.gif <-- lnx-rdavis3 /home/kamal/for_Rich/rflibrary/imgsrc GAnalysesSimWin1.gif
114.02.24 16:26 B D:\My_Documents\SpRF\Docs\MMSIM13_1_Plus\Frame_Docs_RF_Library\imgsrc\GAxesXAxesNichols.gif <-- lnx-rdavis3 /home/kamal/for_Rich/rflibrary/imgsrc GAxesXAxesNichols.gif
114.02.24 16:26 B D:\My_Documents\SpRF\Docs\MMSIM13_1_Plus\Frame_Docs_RF_Library\imgsrc\GCalc.gif <-- lnx-rdavis3 /home/kamal/for_Rich/rflibrary/imgsrc GCalc.gif
114.02.24 16:26 B D:\My_Documents\SpRF\Docs\MMSIM13_1_Plus\Frame_Docs_RF_Library\imgsrc\GCalcBuffer1.gif <-- lnx-rdavis3 /home/kamal/for_Rich/rflibrary/imgsrc GCalcBuffer1.gif
114.02.24 16:26 B D:\My_Documents\SpRF\Docs\MMSIM13_1_Plus\Frame_Docs_RF_Library\imgsrc\GCalcBuffer1a.gif <-- lnx-rdavis3 /home/kamal/for_Rich/rflibrary/imgsrc GCalcBuffer1a.gif
114.02.24 16:26 B D:\My_Documents\SpRF\Docs\MMSIM13_1_Plus\Frame_Docs_RF_Library\imgsrc\GChooseAC1.gif <-- lnx-rdavis3 /home/kamal/for_Rich/rflibrary/imgsrc GChooseAC1.gif
114.02.24 16:26 B D:\My_Documents\SpRF\Docs\MMSIM13_1_Plus\Frame_Docs_RF_Library\imgsrc\GChooseDC1.gif <-- lnx-rdavis3 /home/kamal/for_Rich/rflibrary/imgsrc GChooseDC1.gif
114.02.24 16:26 B D:\My_Documents\SpRF\Docs\MMSIM13_1_Plus\Frame_Docs_RF_Library\imgsrc\GCurvesFormBode.gif <-- lnx-rdavis3 /home/kamal/for_Rich/rflibrary/imgsrc GCurvesFormBode.gif
114.02.24 16:26 B D:\My_Documents\SpRF\Docs\MMSIM13_1_Plus\Frame_Docs_RF_Library\imgsrc\GDuty_CycleNodeVoltage.gif <-- lnx-rdavis3 /home/kamal/for_Rich/rflibrary/imgsrc GDuty_CycleNodeVoltage.gif
114.02.24 16:26 B D:\My_Documents\SpRF\Docs\MMSIM13_1_Plus\Frame_Docs_RF_Library\imgsrc\GEditCurvesPhaseOff1.gif <-- lnx-rdavis3 /home/kamal/for_Rich/rflibrary/imgsrc GEditCurvesPhaseOff1.gif
114.02.24 16:26 B D:\My_Documents\SpRF\Docs\MMSIM13_1_Plus\Frame_Docs_RF_Library\imgsrc\GEditVar1.gif <-- lnx-rdavis3 /home/kamal/for_Rich/rflibrary/imgsrc GEditVar1.gif
114.02.24 16:26 B D:\My_Documents\SpRF\Docs\MMSIM13_1_Plus\Frame_Docs_RF_Library\imgsrc\gen_sweep.gif <-- lnx-rdavis3 /home/kamal/for_Rich/rflibrary/imgsrc gen_sweep.gif
114.02.24 16:26 B D:\My_Documents\SpRF\Docs\MMSIM13_1_Plus\Frame_Docs_RF_Library\imgsrc\Gfig1.gif <-- lnx-rdavis3 /home/kamal/for_Rich/rflibrary/imgsrc Gfig1.gif
114.02.24 16:26 B D:\My_Documents\SpRF\Docs\MMSIM13_1_Plus\Frame_Docs_RF_Library\imgsrc\Gfig11.gif <-- lnx-rdavis3 /home/kamal/for_Rich/rflibrary/imgsrc Gfig11.gif
114.02.24 16:26 B D:\My_Documents\SpRF\Docs\MMSIM13_1_Plus\Frame_Docs_RF_Library\imgsrc\Gfig12.gif <-- lnx-rdavis3 /home/kamal/for_Rich/rflibrary/imgsrc Gfig12.gif
114.02.24 16:26 B D:\My_Documents\SpRF\Docs\MMSIM13_1_Plus\Frame_Docs_RF_Library\imgsrc\Gfig13.gif <-- lnx-rdavis3 /home/kamal/for_Rich/rflibrary/imgsrc Gfig13.gif
114.02.24 16:26 B D:\My_Documents\SpRF\Docs\MMSIM13_1_Plus\Frame_Docs_RF_Library\imgsrc\Gfig14.gif <-- lnx-rdavis3 /home/kamal/for_Rich/rflibrary/imgsrc Gfig14.gif
114.02.24 16:26 B D:\My_Documents\SpRF\Docs\MMSIM13_1_Plus\Frame_Docs_RF_Library\imgsrc\Gfig15.gif <-- lnx-rdavis3 /home/kamal/for_Rich/rflibrary/imgsrc Gfig15.gif
114.02.24 16:26 B D:\My_Documents\SpRF\Docs\MMSIM13_1_Plus\Frame_Docs_RF_Library\imgsrc\Gfig16.gif <-- lnx-rdavis3 /home/kamal/for_Rich/rflibrary/imgsrc Gfig16.gif
114.02.24 16:26 B D:\My_Documents\SpRF\Docs\MMSIM13_1_Plus\Frame_Docs_RF_Library\imgsrc\Gfig17.gif <-- lnx-rdavis3 /home/kamal/for_Rich/rflibrary/imgsrc Gfig17.gif
114.02.24 16:26 B D:\My_Documents\SpRF\Docs\MMSIM13_1_Plus\Frame_Docs_RF_Library\imgsrc\Gfig18.gif <-- lnx-rdavis3 /home/kamal/for_Rich/rflibrary/imgsrc Gfig18.gif
114.02.24 16:26 B D:\My_Documents\SpRF\Docs\MMSIM13_1_Plus\Frame_Docs_RF_Library\imgsrc\Gfig19.gif <-- lnx-rdavis3 /home/kamal/for_Rich/rflibrary/imgsrc Gfig19.gif
114.02.24 16:26 B D:\My_Documents\SpRF\Docs\MMSIM13_1_Plus\Frame_Docs_RF_Library\imgsrc\Gfig2.gif <-- lnx-rdavis3 /home/kamal/for_Rich/rflibrary/imgsrc Gfig2.gif
114.02.24 16:26 B D:\My_Documents\SpRF\Docs\MMSIM13_1_Plus\Frame_Docs_RF_Library\imgsrc\Gfig20.gif <-- lnx-rdavis3 /home/kamal/for_Rich/rflibrary/imgsrc Gfig20.gif
114.02.24 16:26 B D:\My_Documents\SpRF\Docs\MMSIM13_1_Plus\Frame_Docs_RF_Library\imgsrc\Gfig21.gif <-- lnx-rdavis3 /home/kamal/for_Rich/rflibrary/imgsrc Gfig21.gif
114.02.24 16:26 B D:\My_Documents\SpRF\Docs\MMSIM13_1_Plus\Frame_Docs_RF_Library\imgsrc\Gfig22.gif <-- lnx-rdavis3 /home/kamal/for_Rich/rflibrary/imgsrc Gfig22.gif
114.02.24 16:26 B D:\My_Documents\SpRF\Docs\MMSIM13_1_Plus\Frame_Docs_RF_Library\imgsrc\Gfig23.gif <-- lnx-rdavis3 /home/kamal/for_Rich/rflibrary/imgsrc Gfig23.gif
114.02.24 16:26 B D:\My_Documents\SpRF\Docs\MMSIM13_1_Plus\Frame_Docs_RF_Library\imgsrc\Gfig24.gif <-- lnx-rdavis3 /home/kamal/for_Rich/rflibrary/imgsrc Gfig24.gif
114.02.24 16:26 B D:\My_Documents\SpRF\Docs\MMSIM13_1_Plus\Frame_Docs_RF_Library\imgsrc\Gfig3.gif <-- lnx-rdavis3 /home/kamal/for_Rich/rflibrary/imgsrc Gfig3.gif
114.02.24 16:26 B D:\My_Documents\SpRF\Docs\MMSIM13_1_Plus\Frame_Docs_RF_Library\imgsrc\Gfig4.gif <-- lnx-rdavis3 /home/kamal/for_Rich/rflibrary/imgsrc Gfig4.gif
114.02.24 16:26 B D:\My_Documents\SpRF\Docs\MMSIM13_1_Plus\Frame_Docs_RF_Library\imgsrc\Gfig5.gif <-- lnx-rdavis3 /home/kamal/for_Rich/rflibrary/imgsrc Gfig5.gif
114.02.24 16:26 B D:\My_Documents\SpRF\Docs\MMSIM13_1_Plus\Frame_Docs_RF_Library\imgsrc\Gfig6.gif <-- lnx-rdavis3 /home/kamal/for_Rich/rflibrary/imgsrc Gfig6.gif
114.02.24 16:26 B D:\My_Documents\SpRF\Docs\MMSIM13_1_Plus\Frame_Docs_RF_Library\imgsrc\Gfig7.gif <-- lnx-rdavis3 /home/kamal/for_Rich/rflibrary/imgsrc Gfig7.gif
114.02.24 16:26 B D:\My_Documents\SpRF\Docs\MMSIM13_1_Plus\Frame_Docs_RF_Library\imgsrc\Gfig8.gif <-- lnx-rdavis3 /home/kamal/for_Rich/rflibrary/imgsrc Gfig8.gif
114.02.24 16:26 B D:\My_Documents\SpRF\Docs\MMSIM13_1_Plus\Frame_Docs_RF_Library\imgsrc\gmsk.gif <-- lnx-rdavis3 /home/kamal/for_Rich/rflibrary/imgsrc gmsk.gif
114.02.24 16:26 B D:\My_Documents\SpRF\Docs\MMSIM13_1_Plus\Frame_Docs_RF_Library\imgsrc\GOpenFile.gif <-- lnx-rdavis3 /home/kamal/for_Rich/rflibrary/imgsrc GOpenFile.gif
114.02.24 16:26 B D:\My_Documents\SpRF\Docs\MMSIM13_1_Plus\Frame_Docs_RF_Library\imgsrc\GSchematic2_5results.gif <-- lnx-rdavis3 /home/kamal/for_Rich/rflibrary/imgsrc GSchematic2_5results.gif
114.02.24 16:26 B D:\My_Documents\SpRF\Docs\MMSIM13_1_Plus\Frame_Docs_RF_Library\imgsrc\GSimVariable1.gif <-- lnx-rdavis3 /home/kamal/for_Rich/rflibrary/imgsrc GSimVariable1.gif
114.02.24 16:26 B D:\My_Documents\SpRF\Docs\MMSIM13_1_Plus\Frame_Docs_RF_Library\imgsrc\GSimVariable2.gif <-- lnx-rdavis3 /home/kamal/for_Rich/rflibrary/imgsrc GSimVariable2.gif
114.02.24 16:26 B D:\My_Documents\SpRF\Docs\MMSIM13_1_Plus\Frame_Docs_RF_Library\imgsrc\GSimWindowEmpty.gif <-- lnx-rdavis3 /home/kamal/for_Rich/rflibrary/imgsrc GSimWindowEmpty.gif
114.02.24 16:26 B D:\My_Documents\SpRF\Docs\MMSIM13_1_Plus\Frame_Docs_RF_Library\imgsrc\GvdcSource.gif <-- lnx-rdavis3 /home/kamal/for_Rich/rflibrary/imgsrc GvdcSource.gif
114.02.24 16:26 B D:\My_Documents\SpRF\Docs\MMSIM13_1_Plus\Frame_Docs_RF_Library\imgsrc\GWaveEditCurves3Strip.gif <-- lnx-rdavis3 /home/kamal/for_Rich/rflibrary/imgsrc GWaveEditCurves3Strip.gif
114.02.24 16:26 B D:\My_Documents\SpRF\Docs\MMSIM13_1_Plus\Frame_Docs_RF_Library\imgsrc\GWaveEdited1.gif <-- lnx-rdavis3 /home/kamal/for_Rich/rflibrary/imgsrc GWaveEdited1.gif
114.02.24 16:26 B D:\My_Documents\SpRF\Docs\MMSIM13_1_Plus\Frame_Docs_RF_Library\imgsrc\GWaveEdited3Curves.gif <-- lnx-rdavis3 /home/kamal/for_Rich/rflibrary/imgsrc GWaveEdited3Curves.gif
114.02.24 16:26 B D:\My_Documents\SpRF\Docs\MMSIM13_1_Plus\Frame_Docs_RF_Library\imgsrc\GWaveEdited4Nichols.gif <-- lnx-rdavis3 /home/kamal/for_Rich/rflibrary/imgsrc GWaveEdited4Nichols.gif
114.02.24 16:26 B D:\My_Documents\SpRF\Docs\MMSIM13_1_Plus\Frame_Docs_RF_Library\imgsrc\image001.gif <-- lnx-rdavis3 /home/kamal/for_Rich/rflibrary/imgsrc image001.gif
114.02.24 16:26 B D:\My_Documents\SpRF\Docs\MMSIM13_1_Plus\Frame_Docs_RF_Library\imgsrc\image003.gif <-- lnx-rdavis3 /home/kamal/for_Rich/rflibrary/imgsrc image003.gif
114.02.24 16:26 B D:\My_Documents\SpRF\Docs\MMSIM13_1_Plus\Frame_Docs_RF_Library\imgsrc\LNA_distortionsummary.gif <-- lnx-rdavis3 /home/kamal/for_Rich/rflibrary/imgsrc LNA_distortionsummary.gif
114.02.24 16:26 B D:\My_Documents\SpRF\Docs\MMSIM13_1_Plus\Frame_Docs_RF_Library\imgsrc\LNA_gain_noise_matching.gif <-- lnx-rdavis3 /home/kamal/for_Rich/rflibrary/imgsrc LNA_gain_noise_matching.gif
114.02.24 16:26 B D:\My_Documents\SpRF\Docs\MMSIM13_1_Plus\Frame_Docs_RF_Library\imgsrc\LNA_ip3_hb2.gif <-- lnx-rdavis3 /home/kamal/for_Rich/rflibrary/imgsrc LNA_ip3_hb2.gif
114.02.24 16:26 B D:\My_Documents\SpRF\Docs\MMSIM13_1_Plus\Frame_Docs_RF_Library\imgsrc\LNA_ip3_hbac.gif <-- lnx-rdavis3 /home/kamal/for_Rich/rflibrary/imgsrc LNA_ip3_hbac.gif
114.02.24 16:26 B D:\My_Documents\SpRF\Docs\MMSIM13_1_Plus\Frame_Docs_RF_Library\imgsrc\LNA_ip3_rapid.gif <-- lnx-rdavis3 /home/kamal/for_Rich/rflibrary/imgsrc LNA_ip3_rapid.gif
114.02.24 16:26 B D:\My_Documents\SpRF\Docs\MMSIM13_1_Plus\Frame_Docs_RF_Library\imgsrc\LNA_P1db.gif <-- lnx-rdavis3 /home/kamal/for_Rich/rflibrary/imgsrc LNA_P1db.gif
114.02.24 16:26 B D:\My_Documents\SpRF\Docs\MMSIM13_1_Plus\Frame_Docs_RF_Library\imgsrc\microbend2_sch.gif <-- lnx-rdavis3 /home/kamal/for_Rich/rflibrary/imgsrc microbend2_sch.gif
114.02.24 16:26 B D:\My_Documents\SpRF\Docs\MMSIM13_1_Plus\Frame_Docs_RF_Library\imgsrc\microbend2_sym.gif <-- lnx-rdavis3 /home/kamal/for_Rich/rflibrary/imgsrc microbend2_sym.gif
114.02.24 16:26 B D:\My_Documents\SpRF\Docs\MMSIM13_1_Plus\Frame_Docs_RF_Library\imgsrc\microbend90_sch.gif <-- lnx-rdavis3 /home/kamal/for_Rich/rflibrary/imgsrc microbend90_sch.gif
114.02.24 16:26 B D:\My_Documents\SpRF\Docs\MMSIM13_1_Plus\Frame_Docs_RF_Library\imgsrc\microbend90_sym.gif <-- lnx-rdavis3 /home/kamal/for_Rich/rflibrary/imgsrc microbend90_sym.gif
114.02.24 16:26 B D:\My_Documents\SpRF\Docs\MMSIM13_1_Plus\Frame_Docs_RF_Library\imgsrc\microopenend_sch.gif <-- lnx-rdavis3 /home/kamal/for_Rich/rflibrary/imgsrc microopenend_sch.gif
114.02.24 16:26 B D:\My_Documents\SpRF\Docs\MMSIM13_1_Plus\Frame_Docs_RF_Library\imgsrc\microopenend_sym.gif <-- lnx-rdavis3 /home/kamal/for_Rich/rflibrary/imgsrc microopenend_sym.gif
114.02.24 16:26 B D:\My_Documents\SpRF\Docs\MMSIM13_1_Plus\Frame_Docs_RF_Library\imgsrc\microstep_sch.gif <-- lnx-rdavis3 /home/kamal/for_Rich/rflibrary/imgsrc microstep_sch.gif
114.02.24 16:26 B D:\My_Documents\SpRF\Docs\MMSIM13_1_Plus\Frame_Docs_RF_Library\imgsrc\microstep_sym.gif <-- lnx-rdavis3 /home/kamal/for_Rich/rflibrary/imgsrc microstep_sym.gif
114.02.24 16:26 B D:\My_Documents\SpRF\Docs\MMSIM13_1_Plus\Frame_Docs_RF_Library\imgsrc\microstrip_sch.gif <-- lnx-rdavis3 /home/kamal/for_Rich/rflibrary/imgsrc microstrip_sch.gif
114.02.24 16:26 B D:\My_Documents\SpRF\Docs\MMSIM13_1_Plus\Frame_Docs_RF_Library\imgsrc\microstrip_sym.gif <-- lnx-rdavis3 /home/kamal/for_Rich/rflibrary/imgsrc microstrip_sym.gif
114.02.24 16:26 B D:\My_Documents\SpRF\Docs\MMSIM13_1_Plus\Frame_Docs_RF_Library\imgsrc\mixer_distortionsummary.gif <-- lnx-rdavis3 /home/kamal/for_Rich/rflibrary/imgsrc mixer_distortionsummary.gif
114.02.24 16:26 B D:\My_Documents\SpRF\Docs\MMSIM13_1_Plus\Frame_Docs_RF_Library\imgsrc\mixer_gain_hbac_LO.gif <-- lnx-rdavis3 /home/kamal/for_Rich/rflibrary/imgsrc mixer_gain_hbac_LO.gif
114.02.24 16:26 B D:\My_Documents\SpRF\Docs\MMSIM13_1_Plus\Frame_Docs_RF_Library\imgsrc\mixer_gain_hbac_RF.gif <-- lnx-rdavis3 /home/kamal/for_Rich/rflibrary/imgsrc mixer_gain_hbac_RF.gif
114.02.24 16:26 B D:\My_Documents\SpRF\Docs\MMSIM13_1_Plus\Frame_Docs_RF_Library\imgsrc\mixer_gain_hbnoise.gif <-- lnx-rdavis3 /home/kamal/for_Rich/rflibrary/imgsrc mixer_gain_hbnoise.gif
114.02.24 16:26 B D:\My_Documents\SpRF\Docs\MMSIM13_1_Plus\Frame_Docs_RF_Library\imgsrc\mixer_gaincompression.gif <-- lnx-rdavis3 /home/kamal/for_Rich/rflibrary/imgsrc mixer_gaincompression.gif
114.02.24 16:26 B D:\My_Documents\SpRF\Docs\MMSIM13_1_Plus\Frame_Docs_RF_Library\imgsrc\mixer_ip3_hb3.gif <-- lnx-rdavis3 /home/kamal/for_Rich/rflibrary/imgsrc mixer_ip3_hb3.gif
114.02.24 16:26 B D:\My_Documents\SpRF\Docs\MMSIM13_1_Plus\Frame_Docs_RF_Library\imgsrc\mixer_ip3_hbac.gif <-- lnx-rdavis3 /home/kamal/for_Rich/rflibrary/imgsrc mixer_ip3_hbac.gif
114.02.24 16:26 B D:\My_Documents\SpRF\Docs\MMSIM13_1_Plus\Frame_Docs_RF_Library\imgsrc\mixer_ip3_rapid.gif <-- lnx-rdavis3 /home/kamal/for_Rich/rflibrary/imgsrc mixer_ip3_rapid.gif
114.02.24 16:26 B D:\My_Documents\SpRF\Docs\MMSIM13_1_Plus\Frame_Docs_RF_Library\imgsrc\mixer_nf_gain.gif <-- lnx-rdavis3 /home/kamal/for_Rich/rflibrary/imgsrc mixer_nf_gain.gif
114.02.24 16:26 B D:\My_Documents\SpRF\Docs\MMSIM13_1_Plus\Frame_Docs_RF_Library\imgsrc\mixer_nf_gain_blocker.gif <-- lnx-rdavis3 /home/kamal/for_Rich/rflibrary/imgsrc mixer_nf_gain_blocker.gif
114.02.24 16:26 B D:\My_Documents\SpRF\Docs\MMSIM13_1_Plus\Frame_Docs_RF_Library\imgsrc\PA_acpr.gif <-- lnx-rdavis3 /home/kamal/for_Rich/rflibrary/imgsrc PA_acpr.gif
114.02.24 16:26 B D:\My_Documents\SpRF\Docs\MMSIM13_1_Plus\Frame_Docs_RF_Library\imgsrc\PA_linearity.gif <-- lnx-rdavis3 /home/kamal/for_Rich/rflibrary/imgsrc PA_linearity.gif
114.02.24 16:26 B D:\My_Documents\SpRF\Docs\MMSIM13_1_Plus\Frame_Docs_RF_Library\imgsrc\PA_power.gif <-- lnx-rdavis3 /home/kamal/for_Rich/rflibrary/imgsrc PA_power.gif
114.02.24 16:26 B D:\My_Documents\SpRF\Docs\MMSIM13_1_Plus\Frame_Docs_RF_Library\imgsrc\QAM_1.png <-- lnx-rdavis3 /home/kamal/for_Rich/rflibrary/imgsrc QAM_1.png
114.02.24 16:26 B D:\My_Documents\SpRF\Docs\MMSIM13_1_Plus\Frame_Docs_RF_Library\imgsrc\QAM_2.png <-- lnx-rdavis3 /home/kamal/for_Rich/rflibrary/imgsrc QAM_2.png
114.02.24 16:26 B D:\My_Documents\SpRF\Docs\MMSIM13_1_Plus\Frame_Docs_RF_Library\imgsrc\QAM_3.png <-- lnx-rdavis3 /home/kamal/for_Rich/rflibrary/imgsrc QAM_3.png
114.02.24 16:26 B D:\My_Documents\SpRF\Docs\MMSIM13_1_Plus\Frame_Docs_RF_Library\imgsrc\QAM_4.png <-- lnx-rdavis3 /home/kamal/for_Rich/rflibrary/imgsrc QAM_4.png
114.02.24 16:26 B D:\My_Documents\SpRF\Docs\MMSIM13_1_Plus\Frame_Docs_RF_Library\imgsrc\RFlibBALUN.gif <-- lnx-rdavis3 /home/kamal/for_Rich/rflibrary/imgsrc RFlibBALUN.gif
114.02.24 16:26 B D:\My_Documents\SpRF\Docs\MMSIM13_1_Plus\Frame_Docs_RF_Library\imgsrc\RFlibCDMA.gif <-- lnx-rdavis3 /home/kamal/for_Rich/rflibrary/imgsrc RFlibCDMA.gif
114.02.24 16:26 B D:\My_Documents\SpRF\Docs\MMSIM13_1_Plus\Frame_Docs_RF_Library\imgsrc\RFlibEYE.gif <-- lnx-rdavis3 /home/kamal/for_Rich/rflibrary/imgsrc RFlibEYE.gif
114.02.24 16:26 B D:\My_Documents\SpRF\Docs\MMSIM13_1_Plus\Frame_Docs_RF_Library\imgsrc\RFlibFilters_bs_hp.gif <-- lnx-rdavis3 /home/kamal/for_Rich/rflibrary/imgsrc RFlibFilters_bs_hp.gif
114.02.24 16:26 B D:\My_Documents\SpRF\Docs\MMSIM13_1_Plus\Frame_Docs_RF_Library\imgsrc\RFlibFilters_bw_bp.gif <-- lnx-rdavis3 /home/kamal/for_Rich/rflibrary/imgsrc RFlibFilters_bw_bp.gif
114.02.24 16:26 B D:\My_Documents\SpRF\Docs\MMSIM13_1_Plus\Frame_Docs_RF_Library\imgsrc\RFlibFilters_bw_bs.gif <-- lnx-rdavis3 /home/kamal/for_Rich/rflibrary/imgsrc RFlibFilters_bw_bs.gif
114.02.24 16:26 B D:\My_Documents\SpRF\Docs\MMSIM13_1_Plus\Frame_Docs_RF_Library\imgsrc\RFlibFilters_bw_lp.gif <-- lnx-rdavis3 /home/kamal/for_Rich/rflibrary/imgsrc RFlibFilters_bw_lp.gif
114.02.24 16:26 B D:\My_Documents\SpRF\Docs\MMSIM13_1_Plus\Frame_Docs_RF_Library\imgsrc\RFlibFilters_ch_bp.gif <-- lnx-rdavis3 /home/kamal/for_Rich/rflibrary/imgsrc RFlibFilters_ch_bp.gif
114.02.24 16:26 B D:\My_Documents\SpRF\Docs\MMSIM13_1_Plus\Frame_Docs_RF_Library\imgsrc\RFlibFilters_ch_bs.gif <-- lnx-rdavis3 /home/kamal/for_Rich/rflibrary/imgsrc RFlibFilters_ch_bs.gif
114.02.24 16:26 B D:\My_Documents\SpRF\Docs\MMSIM13_1_Plus\Frame_Docs_RF_Library\imgsrc\RFlibFilters_ch_hp.gif <-- lnx-rdavis3 /home/kamal/for_Rich/rflibrary/imgsrc RFlibFilters_ch_hp.gif
114.02.24 16:26 B D:\My_Documents\SpRF\Docs\MMSIM13_1_Plus\Frame_Docs_RF_Library\imgsrc\RFlibFilters_ch_lp.gif <-- lnx-rdavis3 /home/kamal/for_Rich/rflibrary/imgsrc RFlibFilters_ch_lp.gif
114.02.24 16:26 B D:\My_Documents\SpRF\Docs\MMSIM13_1_Plus\Frame_Docs_RF_Library\imgsrc\RFlibGSM.gif <-- lnx-rdavis3 /home/kamal/for_Rich/rflibrary/imgsrc RFlibGSM.gif
114.02.24 16:26 B D:\My_Documents\SpRF\Docs\MMSIM13_1_Plus\Frame_Docs_RF_Library\imgsrc\RFlibLNA.gif <-- lnx-rdavis3 /home/kamal/for_Rich/rflibrary/imgsrc RFlibLNA.gif
114.02.24 16:26 B D:\My_Documents\SpRF\Docs\MMSIM13_1_Plus\Frame_Docs_RF_Library\imgsrc\RFlibMixer.gif <-- lnx-rdavis3 /home/kamal/for_Rich/rflibrary/imgsrc RFlibMixer.gif
114.02.24 16:26 B D:\My_Documents\SpRF\Docs\MMSIM13_1_Plus\Frame_Docs_RF_Library\imgsrc\RFlibOSC.gif <-- lnx-rdavis3 /home/kamal/for_Rich/rflibrary/imgsrc RFlibOSC.gif
114.02.24 16:26 B D:\My_Documents\SpRF\Docs\MMSIM13_1_Plus\Frame_Docs_RF_Library\imgsrc\RFlibP2RECT.gif <-- lnx-rdavis3 /home/kamal/for_Rich/rflibrary/imgsrc RFlibP2RECT.gif
114.02.24 16:26 B D:\My_Documents\SpRF\Docs\MMSIM13_1_Plus\Frame_Docs_RF_Library\imgsrc\RFlibPA.gif <-- lnx-rdavis3 /home/kamal/for_Rich/rflibrary/imgsrc RFlibPA.gif
114.02.24 16:26 B D:\My_Documents\SpRF\Docs\MMSIM13_1_Plus\Frame_Docs_RF_Library\imgsrc\RFlibPhase.gif <-- lnx-rdavis3 /home/kamal/for_Rich/rflibrary/imgsrc RFlibPhase.gif
114.02.24 16:26 B D:\My_Documents\SpRF\Docs\MMSIM13_1_Plus\Frame_Docs_RF_Library\imgsrc\RFlibPIover4.gif <-- lnx-rdavis3 /home/kamal/for_Rich/rflibrary/imgsrc RFlibPIover4.gif
114.02.24 16:26 B D:\My_Documents\SpRF\Docs\MMSIM13_1_Plus\Frame_Docs_RF_Library\imgsrc\RFlibQUAD.gif <-- lnx-rdavis3 /home/kamal/for_Rich/rflibrary/imgsrc RFlibQUAD.gif
114.02.24 16:26 B D:\My_Documents\SpRF\Docs\MMSIM13_1_Plus\Frame_Docs_RF_Library\imgsrc\RFlibRECT2P.gif <-- lnx-rdavis3 /home/kamal/for_Rich/rflibrary/imgsrc RFlibRECT2P.gif
114.02.24 16:26 B D:\My_Documents\SpRF\Docs\MMSIM13_1_Plus\Frame_Docs_RF_Library\imgsrc\RFlibXMFR.gif <-- lnx-rdavis3 /home/kamal/for_Rich/rflibrary/imgsrc RFlibXMFR.gif
114.02.24 16:26 B D:\My_Documents\SpRF\Docs\MMSIM13_1_Plus\Frame_Docs_RF_Library\imgsrc\stripbend90_sch.gif <-- lnx-rdavis3 /home/kamal/for_Rich/rflibrary/imgsrc stripbend90_sch.gif
114.02.24 16:26 B D:\My_Documents\SpRF\Docs\MMSIM13_1_Plus\Frame_Docs_RF_Library\imgsrc\stripbend90_sym.gif <-- lnx-rdavis3 /home/kamal/for_Rich/rflibrary/imgsrc stripbend90_sym.gif
114.02.24 16:26 B D:\My_Documents\SpRF\Docs\MMSIM13_1_Plus\Frame_Docs_RF_Library\imgsrc\stripline_sch.gif <-- lnx-rdavis3 /home/kamal/for_Rich/rflibrary/imgsrc stripline_sch.gif
114.02.24 16:26 B D:\My_Documents\SpRF\Docs\MMSIM13_1_Plus\Frame_Docs_RF_Library\imgsrc\stripline_sym.gif <-- lnx-rdavis3 /home/kamal/for_Rich/rflibrary/imgsrc stripline_sym.gif
114.02.24 16:26 B D:\My_Documents\SpRF\Docs\MMSIM13_1_Plus\Frame_Docs_RF_Library\imgsrc\tee_junction.png <-- lnx-rdavis3 /home/kamal/for_Rich/rflibrary/imgsrc tee_junction.png
114.02.24 16:26 B D:\My_Documents\SpRF\Docs\MMSIM13_1_Plus\Frame_Docs_RF_Library\imgsrc\Tline_examples.png <-- lnx-rdavis3 /home/kamal/for_Rich/rflibrary/imgsrc Tline_examples.png
114.02.24 16:26 B D:\My_Documents\SpRF\Docs\MMSIM13_1_Plus\Frame_Docs_RF_Library\imgsrc\VCO_freq_pulling.gif <-- lnx-rdavis3 /home/kamal/for_Rich/rflibrary/imgsrc VCO_freq_pulling.gif
114.02.24 16:26 B D:\My_Documents\SpRF\Docs\MMSIM13_1_Plus\Frame_Docs_RF_Library\imgsrc\VCO_phasenoise.gif <-- lnx-rdavis3 /home/kamal/for_Rich/rflibrary/imgsrc VCO_phasenoise.gif
114.02.24 16:26 B D:\My_Documents\SpRF\Docs\MMSIM13_1_Plus\Frame_Docs_RF_Library\imgsrc\VCO_tuning.gif <-- lnx-rdavis3 /home/kamal/for_Rich/rflibrary/imgsrc VCO_tuning.gif
114.02.24 16:26 B D:\My_Documents\SpRF\Docs\MMSIM13_1_Plus\Frame_Docs_RF_Library\imgsrc\VGA_BB.gif <-- lnx-rdavis3 /home/kamal/for_Rich/rflibrary/imgsrc VGA_BB.gif
114.02.24 16:26 B D:\My_Documents\SpRF\Docs\MMSIM13_1_Plus\Frame_Docs_RF_Library\imgsrc\wcdma_dl_com_chanl.gif <-- lnx-rdavis3 /home/kamal/for_Rich/rflibrary/imgsrc wcdma_dl_com_chanl.gif
114.02.24 16:26 B D:\My_Documents\SpRF\Docs\MMSIM13_1_Plus\Frame_Docs_RF_Library\imgsrc\wcdma_ocns.gif <-- lnx-rdavis3 /home/kamal/for_Rich/rflibrary/imgsrc wcdma_ocns.gif
114.02.24 16:26 B D:\My_Documents\SpRF\Docs\MMSIM13_1_Plus\Frame_Docs_RF_Library\imgsrc\wcdma_power_adjustment.gif <-- lnx-rdavis3 /home/kamal/for_Rich/rflibrary/imgsrc wcdma_power_adjustment.gif
114.02.24 16:26 B D:\My_Documents\SpRF\Docs\MMSIM13_1_Plus\Frame_Docs_RF_Library\imgsrc\wcdma_qpsk.gif <-- lnx-rdavis3 /home/kamal/for_Rich/rflibrary/imgsrc wcdma_qpsk.gif
114.02.24 16:26 B D:\My_Documents\SpRF\Docs\MMSIM13_1_Plus\Frame_Docs_RF_Library\imgsrc\wcdma_sch_multiplexer.gif <-- lnx-rdavis3 /home/kamal/for_Rich/rflibrary/imgsrc wcdma_sch_multiplexer.gif
114.02.24 16:26 B D:\My_Documents\SpRF\Docs\MMSIM13_1_Plus\Frame_Docs_RF_Library\imgsrc\wcdma_scr_generator.gif <-- lnx-rdavis3 /home/kamal/for_Rich/rflibrary/imgsrc wcdma_scr_generator.gif
114.02.24 16:26 B D:\My_Documents\SpRF\Docs\MMSIM13_1_Plus\Frame_Docs_RF_Library\imgsrc\wcdma_scrambling.gif <-- lnx-rdavis3 /home/kamal/for_Rich/rflibrary/imgsrc wcdma_scrambling.gif
114.02.24 16:26 B D:\My_Documents\SpRF\Docs\MMSIM13_1_Plus\Frame_Docs_RF_Library\imgsrc\wcdma_spreading.gif <-- lnx-rdavis3 /home/kamal/for_Rich/rflibrary/imgsrc wcdma_spreading.gif
114.02.25 19:03 B D:\My_Documents\SpRF\Docs\MMSIM13_1_Plus\Frame_Docs_RF_Library\imgsrc\210.png <-- lnx-rdavis3 /home/rdavis/rdavis/demos/ic61/pics_13.1.1/wireless 210.png
114.02.25 19:03 B D:\My_Documents\SpRF\Docs\MMSIM13_1_Plus\Frame_Docs_RF_Library\imgsrc\211.png <-- lnx-rdavis3 /home/rdavis/rdavis/demos/ic61/pics_13.1.1/wireless 211.png
114.02.25 19:03 B D:\My_Documents\SpRF\Docs\MMSIM13_1_Plus\Frame_Docs_RF_Library\imgsrc\212.png <-- lnx-rdavis3 /home/rdavis/rdavis/demos/ic61/pics_13.1.1/wireless 212.png
114.08.14 18:20 B D:\My_Documents\SpRF\Docs\MMSIM14.1\Frame_Docs\rflibrary\imgsrc\WS_FTP.LOG <-- lnx-rdavis3 /home/rdavis/rdavis/docs/14.1/rflibrary/imgsrc WS_FTP.LOG
114.08.27 15:59 B D:\My_Documents\SpRF\Docs\MMSIM14.1\Frame_Docs\rflibrary\imgsrc\00046.png <-- lnx-rdavis3 /home/rdavis/rdavis/demos/ic61/pics_workshop/mmsim14.1/docs/smart_meter 00046.png
